c:\dev\vulkanvoxelengine\build\vulkanproject.dir\debug\vc143.pdb
c:\dev\vulkanvoxelengine\build\vulkanproject.dir\debug\main.obj
c:\dev\vulkanvoxelengine\build\vulkanproject.dir\debug\vulkanapp.obj
c:\dev\vulkanvoxelengine\build\vulkanproject.dir\debug\world.obj
c:\dev\vulkanvoxelengine\build\vulkanproject.dir\debug\inputcontroller.obj
c:\dev\vulkanvoxelengine\build\vulkanproject.dir\debug\camera.obj
c:\dev\vulkanvoxelengine\build\cmakefiles\generate.stamp
c:\dev\vulkanvoxelengine\build\bin\debug\vulkanproject.exe
c:\dev\vulkanvoxelengine\build\bin\debug\vulkanproject.pdb
c:\dev\vulkanvoxelengine\build\vulkanproject.dir\debug\vulkanproject.ilk
c:\dev\vulkanvoxelengine\build\vulkanproject.dir\debug\voxel.obj
c:\dev\vulkanvoxelengine\build\vulkanproject.dir\debug\vulkanproject.tlog\cl.command.1.tlog
c:\dev\vulkanvoxelengine\build\vulkanproject.dir\debug\vulkanproject.tlog\cl.items.tlog
c:\dev\vulkanvoxelengine\build\vulkanproject.dir\debug\vulkanproject.tlog\cl.read.1.tlog
c:\dev\vulkanvoxelengine\build\vulkanproject.dir\debug\vulkanproject.tlog\cl.write.1.tlog
c:\dev\vulkanvoxelengine\build\vulkanproject.dir\debug\vulkanproject.tlog\custombuild.command.1.tlog
c:\dev\vulkanvoxelengine\build\vulkanproject.dir\debug\vulkanproject.tlog\custombuild.read.1.tlog
c:\dev\vulkanvoxelengine\build\vulkanproject.dir\debug\vulkanproject.tlog\custombuild.write.1.tlog
c:\dev\vulkanvoxelengine\build\vulkanproject.dir\debug\vulkanproject.tlog\link-cvtres.read.1.tlog
c:\dev\vulkanvoxelengine\build\vulkanproject.dir\debug\vulkanproject.tlog\link-cvtres.write.1.tlog
c:\dev\vulkanvoxelengine\build\vulkanproject.dir\debug\vulkanproject.tlog\link-rc.read.1.tlog
c:\dev\vulkanvoxelengine\build\vulkanproject.dir\debug\vulkanproject.tlog\link-rc.write.1.tlog
c:\dev\vulkanvoxelengine\build\vulkanproject.dir\debug\vulkanproject.tlog\link.6976-cvtres.read.1.tlog
c:\dev\vulkanvoxelengine\build\vulkanproject.dir\debug\vulkanproject.tlog\link.6976-cvtres.write.1.tlog
c:\dev\vulkanvoxelengine\build\vulkanproject.dir\debug\vulkanproject.tlog\link.6976-rc.read.1.tlog
c:\dev\vulkanvoxelengine\build\vulkanproject.dir\debug\vulkanproject.tlog\link.6976-rc.write.1.tlog
c:\dev\vulkanvoxelengine\build\vulkanproject.dir\debug\vulkanproject.tlog\link.6976.read.1.tlog
c:\dev\vulkanvoxelengine\build\vulkanproject.dir\debug\vulkanproject.tlog\link.6976.read.2.tlog
c:\dev\vulkanvoxelengine\build\vulkanproject.dir\debug\vulkanproject.tlog\link.6976.read.3.tlog
c:\dev\vulkanvoxelengine\build\vulkanproject.dir\debug\vulkanproject.tlog\link.6976.read.4.tlog
c:\dev\vulkanvoxelengine\build\vulkanproject.dir\debug\vulkanproject.tlog\link.6976.write.1.tlog
c:\dev\vulkanvoxelengine\build\vulkanproject.dir\debug\vulkanproject.tlog\link.command.1.tlog
c:\dev\vulkanvoxelengine\build\vulkanproject.dir\debug\vulkanproject.tlog\link.read.1.tlog
c:\dev\vulkanvoxelengine\build\vulkanproject.dir\debug\vulkanproject.tlog\link.read.2.tlog
c:\dev\vulkanvoxelengine\build\vulkanproject.dir\debug\vulkanproject.tlog\link.read.3.tlog
c:\dev\vulkanvoxelengine\build\vulkanproject.dir\debug\vulkanproject.tlog\link.read.4.tlog
c:\dev\vulkanvoxelengine\build\vulkanproject.dir\debug\vulkanproject.tlog\link.secondary.1.tlog
c:\dev\vulkanvoxelengine\build\vulkanproject.dir\debug\vulkanproject.tlog\link.write.1.tlog
